{
  "RSpec": {
    "coverage": {
      "/home/ubuntu/SELT_PROJECT/app/controllers/application_controller.rb": [
        1,
        1,
        1,
        null,
        null,
        1,
        0,
        0,
        null,
        null
      ],
      "/home/ubuntu/SELT_PROJECT/app/helpers/application_helper.rb": [
        1,
        null
      ],
      "/home/ubuntu/SELT_PROJECT/app/helpers/levels_helper.rb": [
        1,
        null
      ],
      "/home/ubuntu/SELT_PROJECT/app/helpers/pages_helper.rb": [
        1,
        null
      ],
      "/home/ubuntu/SELT_PROJECT/app/helpers/sessions_helper.rb": [
        1,
        null,
        1,
        0,
        0,
        null,
        null,
        1,
        8,
        null,
        null,
        1,
        0,
        null,
        null,
        1,
        8,
        null,
        null,
        1,
        0,
        0,
        null,
        null
      ],
      "/home/ubuntu/SELT_PROJECT/app/helpers/transactions_helper.rb": [
        1,
        null
      ],
      "/home/ubuntu/SELT_PROJECT/app/helpers/users_helper.rb": [
        1,
        null
      ],
      "/home/ubuntu/SELT_PROJECT/app/controllers/emailer_controller.rb": [
        1,
        1,
        0,
        0,
        0,
        0,
        0,
        0,
        0,
        null,
        null,
        null,
        1,
        0,
        null
      ],
      "/home/ubuntu/SELT_PROJECT/app/models/emailer.rb": [
        1,
        1,
        0,
        0,
        0,
        0,
        0,
        0,
        0,
        0,
        null,
        null
      ],
      "/home/ubuntu/SELT_PROJECT/app/controllers/levels_controller.rb": [
        1,
        null,
        1,
        0,
        0,
        null,
        null,
        null,
        1,
        0,
        null,
        null,
        1,
        null,
        null,
        null,
        1,
        0,
        0,
        0,
        null,
        null,
        1,
        0,
        null,
        null,
        1,
        0,
        0,
        0,
        0,
        null,
        null,
        1,
        0,
        0,
        0,
        0,
        null,
        null,
        null
      ],
      "/home/ubuntu/SELT_PROJECT/app/models/user.rb": [
        1,
        1,
        1,
        null,
        1,
        1,
        null,
        4,
        1,
        null,
        1,
        null,
        null,
        1,
        1,
        1,
        null,
        1,
        3,
        null,
        null,
        null
      ],
      "/home/ubuntu/SELT_PROJECT/app/controllers/pages_controller.rb": [
        1,
        1,
        null,
        null,
        1,
        null,
        null,
        null
      ],
      "/home/ubuntu/SELT_PROJECT/app/controllers/sessions_controller.rb": [
        1,
        null,
        1,
        null,
        null,
        1,
        4,
        4,
        0,
        0,
        null,
        4,
        4,
        null,
        null,
        null,
        1,
        0,
        0,
        null,
        null,
        null
      ],
      "/home/ubuntu/SELT_PROJECT/app/controllers/submissions_controller.rb": [
        1,
        null,
        null
      ],
      "/home/ubuntu/SELT_PROJECT/app/models/submission.rb": [
        1,
        1,
        1,
        null
      ],
      "/home/ubuntu/SELT_PROJECT/app/controllers/transactions_controller.rb": [
        1,
        null,
        1,
        0,
        0,
        null,
        null,
        null,
        1,
        0,
        null,
        null,
        1,
        null,
        null,
        null,
        1,
        0,
        0,
        0,
        null,
        null,
        1,
        0,
        null,
        null,
        1,
        0,
        0,
        0,
        0,
        null,
        null,
        1,
        0,
        0,
        0,
        0,
        null,
        null,
        null
      ],
      "/home/ubuntu/SELT_PROJECT/app/controllers/users_controller.rb": [
        1,
        null,
        1,
        0,
        0,
        0,
        null,
        null,
        null,
        1,
        0,
        null,
        null,
        1,
        null,
        null,
        null,
        1,
        0,
        0,
        0,
        0,
        0,
        null,
        0,
        null,
        null,
        null,
        1,
        0,
        null,
        null,
        1,
        0,
        0,
        0,
        0,
        null,
        null,
        1,
        0,
        0,
        0,
        0,
        null,
        null,
        null
      ],
      "/home/ubuntu/SELT_PROJECT/app/models/level.rb": [
        1,
        1,
        1,
        null
      ],
      "/home/ubuntu/SELT_PROJECT/app/models/transaction.rb": [
        1,
        1,
        1,
        null
      ]
    },
    "timestamp": 1365818099
  },
  "Cucumber Features": {
    "coverage": {
      "/home/ubuntu/Documents/SELT_PROJECT/app/controllers/application_controller.rb": [
        1,
        1,
        1,
        null,
        null,
        1,
        0,
        0,
        null,
        null
      ],
      "/home/ubuntu/Documents/SELT_PROJECT/app/helpers/application_helper.rb": [
        1,
        null
      ],
      "/home/ubuntu/Documents/SELT_PROJECT/app/helpers/levels_helper.rb": [
        1,
        null
      ],
      "/home/ubuntu/Documents/SELT_PROJECT/app/helpers/pages_helper.rb": [
        1,
        null
      ],
      "/home/ubuntu/Documents/SELT_PROJECT/app/helpers/sessions_helper.rb": [
        1,
        null,
        1,
        1,
        1,
        null,
        null,
        1,
        2,
        null,
        null,
        1,
        1,
        null,
        null,
        1,
        4,
        null,
        null,
        1,
        0,
        0,
        null,
        null
      ],
      "/home/ubuntu/Documents/SELT_PROJECT/app/helpers/transactionlevels_helper.rb": [
        1,
        null
      ],
      "/home/ubuntu/Documents/SELT_PROJECT/app/helpers/users_helper.rb": [
        1,
        null
      ],
      "/home/ubuntu/Documents/SELT_PROJECT/app/controllers/emailer_controller.rb": [
        1,
        1,
        0,
        0,
        0,
        0,
        0,
        0,
        0,
        null,
        null,
        null,
        1,
        0,
        null
      ],
      "/home/ubuntu/Documents/SELT_PROJECT/app/models/emailer.rb": [
        1,
        1,
        0,
        0,
        0,
        0,
        0,
        0,
        0,
        0,
        null,
        null
      ],
      "/home/ubuntu/Documents/SELT_PROJECT/app/controllers/levels_controller.rb": [
        1,
        null,
        1,
        1,
        1,
        1,
        0,
        0,
        null,
        null,
        null,
        1,
        null,
        null,
        null,
        1,
        null,
        null,
        null,
        1,
        null,
        null,
        null,
        null,
        null,
        1,
        null,
        null,
        null,
        1,
        null,
        null,
        null,
        null,
        null,
        null,
        1,
        null,
        null,
        null,
        null,
        null,
        null,
        null
      ],
      "/home/ubuntu/Documents/SELT_PROJECT/app/models/level.rb": [
        1,
        1,
        1,
        null
      ],
      "/home/ubuntu/Documents/SELT_PROJECT/app/controllers/pages_controller.rb": [
        1,
        1,
        null,
        null,
        1,
        null,
        null,
        null
      ],
      "/home/ubuntu/Documents/SELT_PROJECT/app/controllers/sessions_controller.rb": [
        1,
        null,
        1,
        null,
        null,
        1,
        1,
        1,
        1,
        1,
        null,
        0,
        0,
        null,
        null,
        null,
        1,
        0,
        0,
        null,
        null,
        null
      ],
      "/home/ubuntu/Documents/SELT_PROJECT/app/controllers/submissions_controller.rb": [
        1,
        null,
        null
      ],
      "/home/ubuntu/Documents/SELT_PROJECT/app/models/submission.rb": [
        1,
        1,
        1,
        null
      ],
      "/home/ubuntu/Documents/SELT_PROJECT/app/controllers/transactionlevels_controller.rb": [
        1,
        null,
        1,
        0,
        0,
        0,
        0,
        0,
        0,
        0,
        null,
        null,
        null,
        null,
        null,
        1,
        0,
        null,
        null,
        1,
        null,
        null,
        null,
        1,
        0,
        0,
        0,
        null,
        null,
        1,
        0,
        null,
        null,
        1,
        0,
        0,
        null,
        null,
        0,
        0,
        null,
        null,
        0,
        0,
        null,
        null,
        1,
        0,
        0,
        0,
        0,
        null,
        null,
        null
      ],
      "/home/ubuntu/Documents/SELT_PROJECT/app/models/transactionlevel.rb": [
        1,
        1,
        1,
        null
      ],
      "/home/ubuntu/Documents/SELT_PROJECT/app/controllers/users_controller.rb": [
        1,
        null,
        null,
        null,
        1,
        1,
        1,
        1,
        1,
        1,
        null,
        null,
        null,
        1,
        0,
        null,
        null,
        1,
        null,
        null,
        null,
        1,
        0,
        0,
        0,
        0,
        0,
        0,
        0,
        null,
        0,
        null,
        0,
        null,
        null,
        null,
        1,
        0,
        null,
        null,
        1,
        0,
        0,
        0,
        0,
        null,
        null,
        1,
        0,
        0,
        0,
        0,
        null,
        null,
        null
      ],
      "/home/ubuntu/Documents/SELT_PROJECT/app/models/user.rb": [
        1,
        1,
        1,
        null,
        1,
        1,
        null,
        3,
        1,
        null,
        1,
        null,
        null,
        1,
        1,
        1,
        null,
        1,
        2,
        null,
        null,
        null
      ]
    },
    "timestamp": 1366749534
  }
}
